<?xml version="1.0" encoding="UTF-8"?>
<!-- Generated by org.testng.reporters.JUnitXMLReporter -->
<testsuite ignored="0" hostname="Ranjith" failures="0" tests="4" name="Default test" time="0.139" errors="0" timestamp="2024-12-05T21:28:49 IST">
  <testcase classname="TestNG.Sequence" name="brush" time="0.009"/>
  <testcase classname="TestNG.Sequence" name="breakFast" time="0.004"/>
  <testcase classname="TestNG.Sequence" name="lunch" time="0.004"/>
  <testcase classname="TestNG.Sequence" name="dinner" time="0.003"/>
</testsuite> <!-- Default test -->
