<?xml version="1.0" encoding="UTF-8"?>
<testng-results ignored="0" total="4" passed="4" failed="0" skipped="0">
  <reporter-output>
  </reporter-output>
  <suite started-at="2024-12-05T21:28:49 IST" name="Default suite" finished-at="2024-12-05T21:28:49 IST" duration-ms="139">
    <groups>
    </groups>
    <test started-at="2024-12-05T21:28:49 IST" name="Default test" finished-at="2024-12-05T21:28:49 IST" duration-ms="139">
      <class name="TestNG.Sequence">
        <test-method is-config="true" signature="wakeup()[pri:0, instance:TestNG.Sequence@4b013c76]" started-at="2024-12-05T21:28:49 IST" name="wakeup" finished-at="2024-12-05T21:28:49 IST" duration-ms="16" status="PASS">
          <reporter-output>
          </reporter-output>
        </test-method> <!-- wakeup -->
        <test-method signature="brush()[pri:0, instance:TestNG.Sequence@4b013c76]" started-at="2024-12-05T21:28:49 IST" name="brush" finished-at="2024-12-05T21:28:49 IST" duration-ms="9" status="PASS">
          <reporter-output>
          </reporter-output>
        </test-method> <!-- brush -->
        <test-method signature="breakFast()[pri:1, instance:TestNG.Sequence@4b013c76]" started-at="2024-12-05T21:28:49 IST" name="breakFast" finished-at="2024-12-05T21:28:49 IST" duration-ms="4" status="PASS">
          <reporter-output>
          </reporter-output>
        </test-method> <!-- breakFast -->
        <test-method signature="lunch()[pri:2, instance:TestNG.Sequence@4b013c76]" started-at="2024-12-05T21:28:49 IST" name="lunch" finished-at="2024-12-05T21:28:49 IST" duration-ms="4" status="PASS">
          <reporter-output>
          </reporter-output>
        </test-method> <!-- lunch -->
        <test-method signature="dinner()[pri:3, instance:TestNG.Sequence@4b013c76]" started-at="2024-12-05T21:28:49 IST" name="dinner" finished-at="2024-12-05T21:28:49 IST" duration-ms="3" status="PASS">
          <reporter-output>
          </reporter-output>
        </test-method> <!-- dinner -->
        <test-method is-config="true" signature="sleep()[pri:0, instance:TestNG.Sequence@4b013c76]" started-at="2024-12-05T21:28:49 IST" name="sleep" finished-at="2024-12-05T21:28:49 IST" duration-ms="3" status="PASS">
          <reporter-output>
          </reporter-output>
        </test-method> <!-- sleep -->
      </class> <!-- TestNG.Sequence -->
    </test> <!-- Default test -->
  </suite> <!-- Default suite -->
</testng-results>
